Feb 26, 2025 8:10:35 PM liquibase.changelog
INFO: Reading resource: db/changelog/migrations/db.changelog-202502211608.sql
Feb 26, 2025 8:10:35 PM liquibase.changelog
INFO: Reading resource: db/changelog/migrations/db.changelog-202502221138.sql
Feb 26, 2025 8:10:35 PM liquibase.changelog
INFO: Reading resource: db/changelog/migrations/db.changelog-202502221148.sql
Feb 26, 2025 8:10:35 PM liquibase.changelog
INFO: Reading resource: db/changelog/migrations/db.changelog-202502221155.sql
Feb 26, 2025 8:10:35 PM liquibase.changelog
INFO: Reading resource: db/changelog/migrations/db.changelog-202502262006.sql
Feb 26, 2025 8:10:36 PM liquibase.changelog
INFO: Reading from board.DATABASECHANGELOG
Feb 26, 2025 8:10:36 PM liquibase.lockservice
INFO: Successfully acquired change log lock
Feb 26, 2025 8:10:36 PM liquibase.command
INFO: Using deploymentId: 0611436061
Feb 26, 2025 8:10:36 PM liquibase.changelog
INFO: Reading from board.DATABASECHANGELOG
Running Changeset: db/changelog/migrations/db.changelog-202502262006.sql::202502262006::victor
Feb 26, 2025 8:10:36 PM liquibase.changelog
INFO: Custom SQL executed
Feb 26, 2025 8:10:36 PM liquibase.changelog
INFO: ChangeSet db/changelog/migrations/db.changelog-202502262006.sql::202502262006::victor ran successfully in 30ms

UPDATE SUMMARY
Run:                          1
Previously run:               4
Filtered out:                 0
-------------------------------
Total change sets:            5

Feb 26, 2025 8:10:36 PM liquibase.util
INFO: UPDATE SUMMARY
Feb 26, 2025 8:10:36 PM liquibase.util
INFO: Run:                          1
Feb 26, 2025 8:10:36 PM liquibase.util
INFO: Previously run:               4
Feb 26, 2025 8:10:36 PM liquibase.util
INFO: Filtered out:                 0
Feb 26, 2025 8:10:36 PM liquibase.util
INFO: -------------------------------
Feb 26, 2025 8:10:36 PM liquibase.util
INFO: Total change sets:            5
Feb 26, 2025 8:10:36 PM liquibase.util
INFO: Update summary generated
Feb 26, 2025 8:10:36 PM liquibase.command
INFO: Update command completed successfully.
Liquibase: Update has been successful. Rows affected: 1
Feb 26, 2025 8:10:36 PM liquibase.lockservice
INFO: Successfully released change log lock
Feb 26, 2025 8:10:36 PM liquibase.command
INFO: Command execution complete
